<?xml version="1.0" encoding="UTF-8"?>
<!-- Generated by org.testng.reporters.JUnitXMLReporter -->
<testsuite ignored="0" hostname="IN-B48C0F3" failures="0" tests="22" name="Surefire test" time="220.374" errors="0" timestamp="2024-06-21T15:39:22 IST">
  <testcase classname="tests.BannerTest" name="bannerTest" time="7.731"/>
  <testcase classname="tests.BookFlightTest" name="bookFlightTest" time="18.063"/>
  <testcase classname="tests.CartTest" name="cartTest" time="7.767"/>
  <testcase classname="tests.CompareTest" name="compareTest" time="9.715"/>
  <testcase classname="tests.CustomerCareTest" name="customerCareTest" time="6.773"/>
  <testcase classname="tests.DownloadTest" name="downloadTest" time="12.716"/>
  <testcase classname="tests.ExchangeTest" name="exchangeTest" time="11.788"/>
  <testcase classname="tests.FilterTest" name="bannerTest" time="7.49"/>
  <testcase classname="tests.FilterTest" name="filterTest" time="4.986"/>
  <testcase classname="tests.GiftcardTest" name="giftcardTest" time="6.704"/>
  <testcase classname="tests.GroceryTest" name="groceryTest" time="4.99"/>
  <testcase classname="tests.GroupCompanyTest" name="groupCompanyTest" time="7.27"/>
  <testcase classname="tests.LoginTest" name="loginTest" time="5.45"/>
  <testcase classname="tests.NavigationTest" name="navigationTest" time="8.134"/>
  <testcase classname="tests.PincodeTest" name="pincodeTest" time="4.836"/>
  <testcase classname="tests.RatingTest" name="ratingTest" time="8.676"/>
  <testcase classname="tests.SearchTest" name="searchTest" time="6.22"/>
  <testcase classname="tests.SellerTest" name="sellerTest" time="8.36"/>
  <testcase classname="tests.ShareTest" name="shareTest" time="4.138"/>
  <testcase classname="tests.SignUpTest" name="signUpTest" time="6.087"/>
  <testcase classname="tests.WishlistTest" name="bannerTest" time="7.381"/>
  <testcase classname="tests.WishlistTest" name="wishlistTest" time="3.841"/>
</testsuite> <!-- Surefire test -->
