<?xml version="1.0" encoding="UTF-8"?>
<!-- Generated by org.testng.reporters.JUnitXMLReporter -->
<testsuite ignored="0" hostname="IN-B48C0F3" failures="0" tests="22" name="Test" time="220.241" errors="0" timestamp="2024-06-21T13:51:35 IST">
  <testcase classname="tests.SearchTest" name="searchTest" time="6.377"/>
  <testcase classname="tests.GiftcardTest" name="giftcardTest" time="5.326"/>
  <testcase classname="tests.GroceryTest" name="groceryTest" time="3.97"/>
  <testcase classname="tests.BannerTest" name="bannerTest" time="6.683"/>
  <testcase classname="tests.DownloadTest" name="downloadTest" time="11.486"/>
  <testcase classname="tests.SignUpTest" name="signUpTest" time="12.942"/>
  <testcase classname="tests.LoginTest" name="loginTest" time="18.67"/>
  <testcase classname="tests.CartTest" name="cartTest" time="6.168"/>
  <testcase classname="tests.RatingTest" name="ratingTest" time="10.484"/>
  <testcase classname="tests.CompareTest" name="compareTest" time="9.592"/>
  <testcase classname="tests.SellerTest" name="sellerTest" time="7.692"/>
  <testcase classname="tests.CustomerCareTest" name="customerCareTest" time="6.279"/>
  <testcase classname="tests.GroupCompanyTest" name="groupCompanyTest" time="6.206"/>
  <testcase classname="tests.NavigationTest" name="navigationTest" time="7.319"/>
  <testcase classname="tests.PincodeTest" name="pincodeTest" time="4.033"/>
  <testcase classname="tests.ShareTest" name="shareTest" time="4.283"/>
  <testcase classname="tests.ExchangeTest" name="exchangeTest" time="9.47"/>
  <testcase classname="tests.BookFlightTest" name="bookFlightTest" time="17.372"/>
  <testcase classname="tests.WishlistTest" name="bannerTest" time="6.503"/>
  <testcase classname="tests.WishlistTest" name="wishlistTest" time="3.521"/>
  <testcase classname="tests.FilterTest" name="bannerTest" time="6.829"/>
  <testcase classname="tests.FilterTest" name="filterTest" time="4.489"/>
</testsuite> <!-- Test -->
