<?xml version="1.0" encoding="UTF-8"?>
<testsuite xmlns:xsi="http://www.w3.org/2001/XMLSchema-instance" xsi:noNamespaceSchemaLocation="https://maven.apache.org/surefire/maven-surefire-plugin/xsd/surefire-test-report.xsd" name="TestSuite" time="222.22" tests="22" errors="0" skipped="0" failures="0">
  <properties>
[...]
</properties>
  <testcase name="bannerTest" classname="tests.BannerTest" time="7.729"/>
  <testcase name="bookFlightTest" classname="tests.BookFlightTest" time="18.063"/>
  <testcase name="cartTest" classname="tests.CartTest" time="7.767"/>
  <testcase name="compareTest" classname="tests.CompareTest" time="9.714"/>
  <testcase name="customerCareTest" classname="tests.CustomerCareTest" time="6.773"/>
  <testcase name="downloadTest" classname="tests.DownloadTest" time="12.715"/>
  <testcase name="exchangeTest" classname="tests.ExchangeTest" time="11.787"/>
  <testcase name="bannerTest" classname="tests.FilterTest" time="7.49"/>
  <testcase name="filterTest" classname="tests.FilterTest" time="4.986"/>
  <testcase name="giftcardTest" classname="tests.GiftcardTest" time="6.705"/>
  <testcase name="groceryTest" classname="tests.GroceryTest" time="4.99"/>
  <testcase name="groupCompanyTest" classname="tests.GroupCompanyTest" time="7.27"/>
  <testcase name="loginTest" classname="tests.LoginTest" time="5.449"/>
  <testcase name="navigationTest" classname="tests.NavigationTest" time="8.135"/>
  <testcase name="pincodeTest" classname="tests.PincodeTest" time="4.836"/>
  <testcase name="ratingTest" classname="tests.RatingTest" time="8.676"/>
  <testcase name="searchTest" classname="tests.SearchTest" time="6.222"/>
  <testcase name="sellerTest" classname="tests.SellerTest" time="8.359"/>
  <testcase name="shareTest" classname="tests.ShareTest" time="4.139"/>
  <testcase name="signUpTest" classname="tests.SignUpTest" time="6.085"/>
  <testcase name="bannerTest" classname="tests.WishlistTest" time="7.381"/>
  <testcase name="wishlistTest" classname="tests.WishlistTest" time="3.841"/>
</testsuite>