<?xml version="1.0" encoding="UTF-8"?>
<testng-results ignored="0" total="22" passed="22" failed="0" skipped="0">
  <reporter-output>
  </reporter-output>
  <suite started-at="2024-06-21T15:35:41 IST" name="Surefire suite" finished-at="2024-06-21T15:39:22 IST" duration-ms="220374">
    <groups>
      <group name="filter">
        <method signature="FilterTest.filterTest(java.lang.String,java.lang.String)[pri:2, instance:tests.FilterTest@7e3060d8]" name="filterTest" class="tests.FilterTest"/>
      </group> <!-- filter -->
      <group name="functional">
        <method signature="LoginTest.loginTest(java.lang.String,java.lang.String)[pri:1, instance:tests.LoginTest@47dbb1e2]" name="loginTest" class="tests.LoginTest"/>
        <method signature="RatingTest.ratingTest(java.lang.String,java.lang.String)[pri:1, instance:tests.RatingTest@6d24ffa1]" name="ratingTest" class="tests.RatingTest"/>
        <method signature="SignUpTest.signUpTest(java.lang.String,java.lang.String,java.lang.String)[pri:1, instance:tests.SignUpTest@426b6a74]" name="signUpTest" class="tests.SignUpTest"/>
        <method signature="CartTest.cartTest(java.lang.String,java.lang.String,java.lang.String)[pri:1, instance:tests.CartTest@56276db8]" name="cartTest" class="tests.CartTest"/>
        <method signature="CompareTest.compareTest(java.lang.String,java.lang.String,java.lang.String)[pri:1, instance:tests.CompareTest@51e8e6e6]" name="compareTest" class="tests.CompareTest"/>
      </group> <!-- functional -->
      <group name="wishlist">
        <method signature="WishlistTest.wishlistTest(java.lang.String,java.lang.String)[pri:2, instance:tests.WishlistTest@4c51bb7]" name="wishlistTest" class="tests.WishlistTest"/>
      </group> <!-- wishlist -->
      <group name="regression">
        <method signature="ShareTest.shareTest(java.lang.String,java.lang.String)[pri:1, instance:tests.ShareTest@878452d]" name="shareTest" class="tests.ShareTest"/>
        <method signature="BookFlightTest.bookFlightTest(java.lang.String,java.lang.String)[pri:1, instance:tests.BookFlightTest@1252b961]" name="bookFlightTest" class="tests.BookFlightTest"/>
        <method signature="ExchangeTest.exchangeTest(java.lang.String,java.lang.String,java.lang.String)[pri:1, instance:tests.ExchangeTest@5b408dc3]" name="exchangeTest" class="tests.ExchangeTest"/>
      </group> <!-- regression -->
      <group name="smoke">
        <method signature="GiftcardTest.giftcardTest(java.lang.String,java.lang.String,java.lang.String,java.lang.String)[pri:1, instance:tests.GiftcardTest@293d0107]" name="giftcardTest" class="tests.GiftcardTest"/>
        <method signature="GroceryTest.groceryTest(java.lang.String,java.lang.String,java.lang.String)[pri:1, instance:tests.GroceryTest@2692b61e]" name="groceryTest" class="tests.GroceryTest"/>
        <method signature="SearchTest.searchTest(java.lang.String,java.lang.String,java.lang.String)[pri:1, instance:tests.SearchTest@65a4798f]" name="searchTest" class="tests.SearchTest"/>
        <method signature="BannerTest.bannerTest(java.lang.String,java.lang.String)[pri:1, instance:tests.BannerTest@3234f74e]" name="bannerTest" class="tests.BannerTest"/>
        <method signature="DownloadTest.downloadTest(java.lang.String,java.lang.String)[pri:1, instance:tests.DownloadTest@36676c1a]" name="downloadTest" class="tests.DownloadTest"/>
      </group> <!-- smoke -->
      <group name="sanity">
        <method signature="GroupCompanyTest.groupCompanyTest(java.lang.String,java.lang.String)[pri:1, instance:tests.GroupCompanyTest@7b64240d]" name="groupCompanyTest" class="tests.GroupCompanyTest"/>
        <method signature="NavigationTest.navigationTest(java.lang.String,java.lang.String)[pri:1, instance:tests.NavigationTest@74cadd41]" name="navigationTest" class="tests.NavigationTest"/>
        <method signature="PincodeTest.pincodeTest(java.lang.String,java.lang.String,java.lang.String)[pri:1, instance:tests.PincodeTest@2e54db99]" name="pincodeTest" class="tests.PincodeTest"/>
        <method signature="SellerTest.sellerTest(java.lang.String,java.lang.String)[pri:1, instance:tests.SellerTest@773f7880]" name="sellerTest" class="tests.SellerTest"/>
        <method signature="CustomerCareTest.customerCareTest(java.lang.String,java.lang.String)[pri:1, instance:tests.CustomerCareTest@56f6d40b]" name="customerCareTest" class="tests.CustomerCareTest"/>
      </group> <!-- sanity -->
      <group name="banner">
        <method signature="FilterTest.bannerTest(java.lang.String,java.lang.String)[pri:1, instance:tests.FilterTest@7e3060d8]" name="bannerTest" class="tests.FilterTest"/>
        <method signature="WishlistTest.bannerTest(java.lang.String,java.lang.String)[pri:1, instance:tests.WishlistTest@4c51bb7]" name="bannerTest" class="tests.WishlistTest"/>
      </group> <!-- banner -->
    </groups>
    <test started-at="2024-06-21T15:35:41 IST" name="Surefire test" finished-at="2024-06-21T15:39:22 IST" duration-ms="220374">
      <class name="tests.LoginTest">
        <test-method is-config="true" signature="setUp()[pri:0, instance:tests.LoginTest@47dbb1e2]" started-at="2024-06-21T15:37:58 IST" name="setUp" finished-at="2024-06-21T15:38:00 IST" duration-ms="1759" status="PASS">
          <reporter-output>
          </reporter-output>
        </test-method> <!-- setUp -->
        <test-method signature="loginTest(java.lang.String,java.lang.String)[pri:1, instance:tests.LoginTest@47dbb1e2]" started-at="2024-06-21T15:38:00 IST" name="loginTest" data-provider="loginTestData" finished-at="2024-06-21T15:38:05 IST" duration-ms="5450" status="PASS">
          <params>
            <param index="0">
              <value>
                <![CDATA[9876345898]]>
              </value>
            </param>
            <param index="1">
              <value>
                <![CDATA[Yes]]>
              </value>
            </param>
          </params>
          <reporter-output>
          </reporter-output>
        </test-method> <!-- loginTest -->
        <test-method is-config="true" signature="afterMethod(org.testng.ITestResult)[pri:0, instance:tests.LoginTest@47dbb1e2]" started-at="2024-06-21T15:38:05 IST" name="afterMethod" finished-at="2024-06-21T15:38:05 IST" duration-ms="1" status="PASS">
          <params>
            <param index="0">
              <value>
                <![CDATA[[TestResult name=loginTest status=SUCCESS method=LoginTest.loginTest(java.lang.String,java.lang.String)[pri:1, instance:tests.LoginTest@47dbb1e2] output={null}]]]>
              </value>
            </param>
          </params>
          <reporter-output>
          </reporter-output>
        </test-method> <!-- afterMethod -->
        <test-method is-config="true" signature="tearDown(org.testng.ITestResult)[pri:0, instance:tests.LoginTest@47dbb1e2]" started-at="2024-06-21T15:38:05 IST" name="tearDown" finished-at="2024-06-21T15:38:05 IST" duration-ms="0" status="PASS">
          <params>
            <param index="0">
              <value>
                <![CDATA[[TestResult name=loginTest status=SUCCESS method=LoginTest.loginTest(java.lang.String,java.lang.String)[pri:1, instance:tests.LoginTest@47dbb1e2] output={null}]]]>
              </value>
            </param>
          </params>
          <reporter-output>
          </reporter-output>
        </test-method> <!-- tearDown -->
        <test-method is-config="true" signature="tearDown()[pri:0, instance:tests.LoginTest@47dbb1e2]" started-at="2024-06-21T15:38:05 IST" name="tearDown" finished-at="2024-06-21T15:38:06 IST" duration-ms="349" status="PASS">
          <reporter-output>
          </reporter-output>
        </test-method> <!-- tearDown -->
      </class> <!-- tests.LoginTest -->
      <class name="tests.SignUpTest">
        <test-method is-config="true" signature="setUp()[pri:0, instance:tests.SignUpTest@426b6a74]" started-at="2024-06-21T15:39:00 IST" name="setUp" finished-at="2024-06-21T15:39:01 IST" duration-ms="1671" status="PASS">
          <reporter-output>
          </reporter-output>
        </test-method> <!-- setUp -->
        <test-method signature="signUpTest(java.lang.String,java.lang.String,java.lang.String)[pri:1, instance:tests.SignUpTest@426b6a74]" started-at="2024-06-21T15:39:02 IST" name="signUpTest" data-provider="signUpTestData" finished-at="2024-06-21T15:39:08 IST" duration-ms="6087" status="PASS">
          <params>
            <param index="0">
              <value>
                <![CDATA[https://www.flipkart.com/]]>
              </value>
            </param>
            <param index="1">
              <value>
                <![CDATA[Yes]]>
              </value>
            </param>
            <param index="2">
              <value>
                <![CDATA[9234671238]]>
              </value>
            </param>
          </params>
          <reporter-output>
          </reporter-output>
        </test-method> <!-- signUpTest -->
        <test-method is-config="true" signature="afterMethod(org.testng.ITestResult)[pri:0, instance:tests.SignUpTest@426b6a74]" started-at="2024-06-21T15:39:08 IST" name="afterMethod" finished-at="2024-06-21T15:39:08 IST" duration-ms="0" status="PASS">
          <params>
            <param index="0">
              <value>
                <![CDATA[[TestResult name=signUpTest status=SUCCESS method=SignUpTest.signUpTest(java.lang.String,java.lang.String,java.lang.String)[pri:1, instance:tests.SignUpTest@426b6a74] output={null}]]]>
              </value>
            </param>
          </params>
          <reporter-output>
          </reporter-output>
        </test-method> <!-- afterMethod -->
        <test-method is-config="true" signature="tearDown(org.testng.ITestResult)[pri:0, instance:tests.SignUpTest@426b6a74]" started-at="2024-06-21T15:39:08 IST" name="tearDown" finished-at="2024-06-21T15:39:08 IST" duration-ms="0" status="PASS">
          <params>
            <param index="0">
              <value>
                <![CDATA[[TestResult name=signUpTest status=SUCCESS method=SignUpTest.signUpTest(java.lang.String,java.lang.String,java.lang.String)[pri:1, instance:tests.SignUpTest@426b6a74] output={null}]]]>
              </value>
            </param>
          </params>
          <reporter-output>
          </reporter-output>
        </test-method> <!-- tearDown -->
        <test-method is-config="true" signature="tearDown()[pri:0, instance:tests.SignUpTest@426b6a74]" started-at="2024-06-21T15:39:08 IST" name="tearDown" finished-at="2024-06-21T15:39:08 IST" duration-ms="334" status="PASS">
          <reporter-output>
          </reporter-output>
        </test-method> <!-- tearDown -->
      </class> <!-- tests.SignUpTest -->
      <class name="tests.ExchangeTest">
        <test-method is-config="true" signature="setUp()[pri:0, instance:tests.ExchangeTest@5b408dc3]" started-at="2024-06-21T15:37:02 IST" name="setUp" finished-at="2024-06-21T15:37:04 IST" duration-ms="2171" status="PASS">
          <reporter-output>
          </reporter-output>
        </test-method> <!-- setUp -->
        <test-method signature="exchangeTest(java.lang.String,java.lang.String,java.lang.String)[pri:1, instance:tests.ExchangeTest@5b408dc3]" started-at="2024-06-21T15:37:04 IST" name="exchangeTest" data-provider="exchangeTestData" finished-at="2024-06-21T15:37:16 IST" duration-ms="11788" status="PASS">
          <params>
            <param index="0">
              <value>
                <![CDATA[https://www.flipkart.com/redmi-12-5g-jade-black-128-gb/p/itmb7b9567637d5c?pid=MOBGS9QU7QVWUWRD&lid=LSTMOBGS9QU7QVWUWRDWPHNEP&marketplace=FLIPKART&q=redmi+&store=tyy%2F4io&srno=s_1_1&otracker=search&otracker1=search&fm=search-autosuggest&iid=43966f1d-dc6f-4f22-a093-56bcae55d89b.MOBGS9QU7QVWUWRD.SEARCH&ppt=sp&ppn=sp&ssid=wiam0z4ofk0000001718382646050&qH=0452d1bd19251471]]>
              </value>
            </param>
            <param index="1">
              <value>
                <![CDATA[Yes]]>
              </value>
            </param>
            <param index="2">
              <value>
                <![CDATA[110001]]>
              </value>
            </param>
          </params>
          <reporter-output>
          </reporter-output>
        </test-method> <!-- exchangeTest -->
        <test-method is-config="true" signature="afterMethod(org.testng.ITestResult)[pri:0, instance:tests.ExchangeTest@5b408dc3]" started-at="2024-06-21T15:37:16 IST" name="afterMethod" finished-at="2024-06-21T15:37:16 IST" duration-ms="1" status="PASS">
          <params>
            <param index="0">
              <value>
                <![CDATA[[TestResult name=exchangeTest status=SUCCESS method=ExchangeTest.exchangeTest(java.lang.String,java.lang.String,java.lang.String)[pri:1, instance:tests.ExchangeTest@5b408dc3] output={null}]]]>
              </value>
            </param>
          </params>
          <reporter-output>
          </reporter-output>
        </test-method> <!-- afterMethod -->
        <test-method is-config="true" signature="tearDown(org.testng.ITestResult)[pri:0, instance:tests.ExchangeTest@5b408dc3]" started-at="2024-06-21T15:37:16 IST" name="tearDown" finished-at="2024-06-21T15:37:16 IST" duration-ms="0" status="PASS">
          <params>
            <param index="0">
              <value>
                <![CDATA[[TestResult name=exchangeTest status=SUCCESS method=ExchangeTest.exchangeTest(java.lang.String,java.lang.String,java.lang.String)[pri:1, instance:tests.ExchangeTest@5b408dc3] output={null}]]]>
              </value>
            </param>
          </params>
          <reporter-output>
          </reporter-output>
        </test-method> <!-- tearDown -->
        <test-method is-config="true" signature="tearDown()[pri:0, instance:tests.ExchangeTest@5b408dc3]" started-at="2024-06-21T15:37:16 IST" name="tearDown" finished-at="2024-06-21T15:37:17 IST" duration-ms="364" status="PASS">
          <reporter-output>
          </reporter-output>
        </test-method> <!-- tearDown -->
      </class> <!-- tests.ExchangeTest -->
      <class name="tests.DownloadTest">
        <test-method is-config="true" signature="setUp()[pri:0, instance:tests.DownloadTest@36676c1a]" started-at="2024-06-21T15:36:47 IST" name="setUp" finished-at="2024-06-21T15:36:49 IST" duration-ms="1757" status="PASS">
          <reporter-output>
          </reporter-output>
        </test-method> <!-- setUp -->
        <test-method signature="downloadTest(java.lang.String,java.lang.String)[pri:1, instance:tests.DownloadTest@36676c1a]" started-at="2024-06-21T15:36:49 IST" name="downloadTest" data-provider="downloadTestData" finished-at="2024-06-21T15:37:01 IST" duration-ms="12716" status="PASS">
          <params>
            <param index="0">
              <value>
                <![CDATA[https://www.flipkart.com]]>
              </value>
            </param>
            <param index="1">
              <value>
                <![CDATA[Yes]]>
              </value>
            </param>
          </params>
          <reporter-output>
          </reporter-output>
        </test-method> <!-- downloadTest -->
        <test-method is-config="true" signature="tearDown(org.testng.ITestResult)[pri:0, instance:tests.DownloadTest@36676c1a]" started-at="2024-06-21T15:37:01 IST" name="tearDown" finished-at="2024-06-21T15:37:01 IST" duration-ms="0" status="PASS">
          <params>
            <param index="0">
              <value>
                <![CDATA[[TestResult name=downloadTest status=SUCCESS method=DownloadTest.downloadTest(java.lang.String,java.lang.String)[pri:1, instance:tests.DownloadTest@36676c1a] output={null}]]]>
              </value>
            </param>
          </params>
          <reporter-output>
          </reporter-output>
        </test-method> <!-- tearDown -->
        <test-method is-config="true" signature="afterMethod(org.testng.ITestResult)[pri:0, instance:tests.DownloadTest@36676c1a]" started-at="2024-06-21T15:37:01 IST" name="afterMethod" finished-at="2024-06-21T15:37:01 IST" duration-ms="0" status="PASS">
          <params>
            <param index="0">
              <value>
                <![CDATA[[TestResult name=downloadTest status=SUCCESS method=DownloadTest.downloadTest(java.lang.String,java.lang.String)[pri:1, instance:tests.DownloadTest@36676c1a] output={null}]]]>
              </value>
            </param>
          </params>
          <reporter-output>
          </reporter-output>
        </test-method> <!-- afterMethod -->
        <test-method is-config="true" signature="tearDown()[pri:0, instance:tests.DownloadTest@36676c1a]" started-at="2024-06-21T15:37:01 IST" name="tearDown" finished-at="2024-06-21T15:37:02 IST" duration-ms="613" status="PASS">
          <reporter-output>
          </reporter-output>
        </test-method> <!-- tearDown -->
      </class> <!-- tests.DownloadTest -->
      <class name="tests.GiftcardTest">
        <test-method is-config="true" signature="setUp()[pri:0, instance:tests.GiftcardTest@293d0107]" started-at="2024-06-21T15:37:32 IST" name="setUp" finished-at="2024-06-21T15:37:33 IST" duration-ms="1673" status="PASS">
          <reporter-output>
          </reporter-output>
        </test-method> <!-- setUp -->
        <test-method signature="giftcardTest(java.lang.String,java.lang.String,java.lang.String,java.lang.String)[pri:1, instance:tests.GiftcardTest@293d0107]" started-at="2024-06-21T15:37:33 IST" name="giftcardTest" data-provider="giftcardTestData" finished-at="2024-06-21T15:37:40 IST" duration-ms="6704" status="PASS">
          <params>
            <param index="0">
              <value>
                <![CDATA[https://www.flipkart.com/the-gift-card-store?link=home_giftcard]]>
              </value>
            </param>
            <param index="1">
              <value>
                <![CDATA[Yes]]>
              </value>
            </param>
            <param index="2">
              <value>
                <![CDATA[mansigupta876@gmail.com]]>
              </value>
            </param>
            <param index="3">
              <value>
                <![CDATA[Mansi Gupta]]>
              </value>
            </param>
          </params>
          <reporter-output>
          </reporter-output>
        </test-method> <!-- giftcardTest -->
        <test-method is-config="true" signature="tearDown(org.testng.ITestResult)[pri:0, instance:tests.GiftcardTest@293d0107]" started-at="2024-06-21T15:37:40 IST" name="tearDown" finished-at="2024-06-21T15:37:40 IST" duration-ms="1" status="PASS">
          <params>
            <param index="0">
              <value>
                <![CDATA[[TestResult name=giftcardTest status=SUCCESS method=GiftcardTest.giftcardTest(java.lang.String,java.lang.String,java.lang.String,java.lang.String)[pri:1, instance:tests.GiftcardTest@293d0107] output={null}]]]>
              </value>
            </param>
          </params>
          <reporter-output>
          </reporter-output>
        </test-method> <!-- tearDown -->
        <test-method is-config="true" signature="afterMethod(org.testng.ITestResult)[pri:0, instance:tests.GiftcardTest@293d0107]" started-at="2024-06-21T15:37:40 IST" name="afterMethod" finished-at="2024-06-21T15:37:40 IST" duration-ms="0" status="PASS">
          <params>
            <param index="0">
              <value>
                <![CDATA[[TestResult name=giftcardTest status=SUCCESS method=GiftcardTest.giftcardTest(java.lang.String,java.lang.String,java.lang.String,java.lang.String)[pri:1, instance:tests.GiftcardTest@293d0107] output={null}]]]>
              </value>
            </param>
          </params>
          <reporter-output>
          </reporter-output>
        </test-method> <!-- afterMethod -->
        <test-method is-config="true" signature="tearDown()[pri:0, instance:tests.GiftcardTest@293d0107]" started-at="2024-06-21T15:37:40 IST" name="tearDown" finished-at="2024-06-21T15:37:40 IST" duration-ms="320" status="PASS">
          <reporter-output>
          </reporter-output>
        </test-method> <!-- tearDown -->
      </class> <!-- tests.GiftcardTest -->
      <class name="tests.BookFlightTest">
        <test-method is-config="true" signature="setUp()[pri:0, instance:tests.BookFlightTest@1252b961]" started-at="2024-06-21T15:35:55 IST" name="setUp" finished-at="2024-06-21T15:35:56 IST" duration-ms="1881" status="PASS">
          <reporter-output>
          </reporter-output>
        </test-method> <!-- setUp -->
        <test-method signature="bookFlightTest(java.lang.String,java.lang.String)[pri:1, instance:tests.BookFlightTest@1252b961]" started-at="2024-06-21T15:35:57 IST" name="bookFlightTest" data-provider="bookFlightTestData" finished-at="2024-06-21T15:36:15 IST" duration-ms="18063" status="PASS">
          <params>
            <param index="0">
              <value>
                <![CDATA[https://www.flipkart.com]]>
              </value>
            </param>
            <param index="1">
              <value>
                <![CDATA[Yes]]>
              </value>
            </param>
          </params>
          <reporter-output>
          </reporter-output>
        </test-method> <!-- bookFlightTest -->
        <test-method is-config="true" signature="afterMethod(org.testng.ITestResult)[pri:0, instance:tests.BookFlightTest@1252b961]" started-at="2024-06-21T15:36:15 IST" name="afterMethod" finished-at="2024-06-21T15:36:15 IST" duration-ms="0" status="PASS">
          <params>
            <param index="0">
              <value>
                <![CDATA[[TestResult name=bookFlightTest status=SUCCESS method=BookFlightTest.bookFlightTest(java.lang.String,java.lang.String)[pri:1, instance:tests.BookFlightTest@1252b961] output={null}]]]>
              </value>
            </param>
          </params>
          <reporter-output>
          </reporter-output>
        </test-method> <!-- afterMethod -->
        <test-method is-config="true" signature="tearDown()[pri:0, instance:tests.BookFlightTest@1252b961]" started-at="2024-06-21T15:36:15 IST" name="tearDown" finished-at="2024-06-21T15:36:15 IST" duration-ms="397" status="PASS">
          <reporter-output>
          </reporter-output>
        </test-method> <!-- tearDown -->
        <test-method is-config="true" signature="tearDown(org.testng.ITestResult)[pri:0, instance:tests.BookFlightTest@1252b961]" started-at="2024-06-21T15:36:15 IST" name="tearDown" finished-at="2024-06-21T15:36:15 IST" duration-ms="0" status="PASS">
          <params>
            <param index="0">
              <value>
                <![CDATA[[TestResult name=bookFlightTest status=SUCCESS method=BookFlightTest.bookFlightTest(java.lang.String,java.lang.String)[pri:1, instance:tests.BookFlightTest@1252b961] output={null}]]]>
              </value>
            </param>
          </params>
          <reporter-output>
          </reporter-output>
        </test-method> <!-- tearDown -->
      </class> <!-- tests.BookFlightTest -->
      <class name="tests.BannerTest">
        <test-method is-config="true" signature="setUp()[pri:0, instance:tests.BannerTest@3234f74e]" started-at="2024-06-21T15:35:41 IST" name="setUp" finished-at="2024-06-21T15:35:45 IST" duration-ms="3493" status="PASS">
          <reporter-output>
          </reporter-output>
        </test-method> <!-- setUp -->
        <test-method signature="bannerTest(java.lang.String,java.lang.String)[pri:1, instance:tests.BannerTest@3234f74e]" started-at="2024-06-21T15:35:46 IST" name="bannerTest" data-provider="bannerTestData" finished-at="2024-06-21T15:35:54 IST" duration-ms="7731" status="PASS">
          <params>
            <param index="0">
              <value>
                <![CDATA[https://www.flipkart.com]]>
              </value>
            </param>
            <param index="1">
              <value>
                <![CDATA[Yes]]>
              </value>
            </param>
          </params>
          <reporter-output>
          </reporter-output>
        </test-method> <!-- bannerTest -->
        <test-method is-config="true" signature="tearDown(org.testng.ITestResult)[pri:0, instance:tests.BannerTest@3234f74e]" started-at="2024-06-21T15:35:54 IST" name="tearDown" finished-at="2024-06-21T15:35:54 IST" duration-ms="0" status="PASS">
          <params>
            <param index="0">
              <value>
                <![CDATA[[TestResult name=bannerTest status=SUCCESS method=BannerTest.bannerTest(java.lang.String,java.lang.String)[pri:1, instance:tests.BannerTest@3234f74e] output={null}]]]>
              </value>
            </param>
          </params>
          <reporter-output>
          </reporter-output>
        </test-method> <!-- tearDown -->
        <test-method is-config="true" signature="afterMethod(org.testng.ITestResult)[pri:0, instance:tests.BannerTest@3234f74e]" started-at="2024-06-21T15:35:54 IST" name="afterMethod" finished-at="2024-06-21T15:35:54 IST" duration-ms="0" status="PASS">
          <params>
            <param index="0">
              <value>
                <![CDATA[[TestResult name=bannerTest status=SUCCESS method=BannerTest.bannerTest(java.lang.String,java.lang.String)[pri:1, instance:tests.BannerTest@3234f74e] output={null}]]]>
              </value>
            </param>
          </params>
          <reporter-output>
          </reporter-output>
        </test-method> <!-- afterMethod -->
        <test-method is-config="true" signature="tearDown()[pri:0, instance:tests.BannerTest@3234f74e]" started-at="2024-06-21T15:35:54 IST" name="tearDown" finished-at="2024-06-21T15:35:55 IST" duration-ms="815" status="PASS">
          <reporter-output>
          </reporter-output>
        </test-method> <!-- tearDown -->
      </class> <!-- tests.BannerTest -->
      <class name="tests.WishlistTest">
        <test-method is-config="true" signature="setUp()[pri:0, instance:tests.WishlistTest@4c51bb7]" started-at="2024-06-21T15:39:08 IST" name="setUp" finished-at="2024-06-21T15:39:10 IST" duration-ms="1879" status="PASS">
          <reporter-output>
          </reporter-output>
        </test-method> <!-- setUp -->
        <test-method signature="bannerTest(java.lang.String,java.lang.String)[pri:1, instance:tests.WishlistTest@4c51bb7]" started-at="2024-06-21T15:39:10 IST" name="bannerTest" data-provider="bannerTestData" finished-at="2024-06-21T15:39:17 IST" duration-ms="7381" status="PASS">
          <params>
            <param index="0">
              <value>
                <![CDATA[https://www.flipkart.com]]>
              </value>
            </param>
            <param index="1">
              <value>
                <![CDATA[Yes]]>
              </value>
            </param>
          </params>
          <reporter-output>
          </reporter-output>
        </test-method> <!-- bannerTest -->
        <test-method is-config="true" signature="afterMethod(org.testng.ITestResult)[pri:0, instance:tests.WishlistTest@4c51bb7]" started-at="2024-06-21T15:39:17 IST" name="afterMethod" finished-at="2024-06-21T15:39:17 IST" duration-ms="1" status="PASS">
          <params>
            <param index="0">
              <value>
                <![CDATA[[TestResult name=bannerTest status=SUCCESS method=WishlistTest.bannerTest(java.lang.String,java.lang.String)[pri:1, instance:tests.WishlistTest@4c51bb7] output={null}]]]>
              </value>
            </param>
          </params>
          <reporter-output>
          </reporter-output>
        </test-method> <!-- afterMethod -->
        <test-method is-config="true" signature="tearDown(org.testng.ITestResult)[pri:0, instance:tests.WishlistTest@4c51bb7]" started-at="2024-06-21T15:39:17 IST" name="tearDown" finished-at="2024-06-21T15:39:17 IST" duration-ms="0" status="PASS">
          <params>
            <param index="0">
              <value>
                <![CDATA[[TestResult name=bannerTest status=SUCCESS method=WishlistTest.bannerTest(java.lang.String,java.lang.String)[pri:1, instance:tests.WishlistTest@4c51bb7] output={null}]]]>
              </value>
            </param>
          </params>
          <reporter-output>
          </reporter-output>
        </test-method> <!-- tearDown -->
        <test-method signature="wishlistTest(java.lang.String,java.lang.String)[pri:2, instance:tests.WishlistTest@4c51bb7]" started-at="2024-06-21T15:39:17 IST" name="wishlistTest" data-provider="wishlistTestData" finished-at="2024-06-21T15:39:21 IST" depends-on-methods="tests.WishlistTest.bannerTest" duration-ms="3841" status="PASS">
          <params>
            <param index="0">
              <value>
                <![CDATA[https://www.flipkart.com/tyy/4io/~cs-6ky41lperx/pr?sid=tyy%2C4io&collection-tab-name=POCO+M6+Pro+5G&param=3243&ctx=eyJjYXJkQ29udGV4dCI6eyJhdHRyaWJ1dGVzIjp7InZhbHVlQ2FsbG91dCI6eyJtdWx0aVZhbHVlZEF0dHJpYnV0ZSI6eyJrZXkiOiJ2YWx1ZUNhbGxvdXQiLCJpbmZlcmVuY2VUeXBlIjoiVkFMVUVfQ0FMTE9VVCIsInZhbHVlcyI6WyJpbmNsIG9mIG9mZmVycyJdLCJ2YWx1ZVR5cGUiOiJNVUxUSV9WQUxVRUQifX0sInRpdGxlIjp7Im11bHRpVmFsdWVkQXR0cmlidXRlIjp7ImtleSI6InRpdGxlIiwiaW5mZXJlbmNlVHlwZSI6IlRJVExFIiwidmFsdWVzIjpbInBvY28gbTYgcHJvIl0sInZhbHVlVHlwZSI6Ik1VTFRJX1ZBTFVFRCJ9fSwiaGVyb1BpZCI6eyJzaW5nbGVWYWx1ZUF0dHJpYnV0ZSI6eyJrZXkiOiJoZXJvUGlkIiwiaW5mZXJlbmNlVHlwZSI6IlBJRCIsInZhbHVlIjoiTU9CR1JOWjNGWkJWUllIUSIsInZhbHVlVHlwZSI6IlNJTkdMRV9WQUxVRUQifX19fX0%3D]]>
              </value>
            </param>
            <param index="1">
              <value>
                <![CDATA[Yes]]>
              </value>
            </param>
          </params>
          <reporter-output>
          </reporter-output>
        </test-method> <!-- wishlistTest -->
        <test-method is-config="true" signature="tearDown(org.testng.ITestResult)[pri:0, instance:tests.WishlistTest@4c51bb7]" started-at="2024-06-21T15:39:21 IST" name="tearDown" finished-at="2024-06-21T15:39:21 IST" duration-ms="0" status="PASS">
          <params>
            <param index="0">
              <value>
                <![CDATA[[TestResult name=wishlistTest status=SUCCESS method=WishlistTest.wishlistTest(java.lang.String,java.lang.String)[pri:2, instance:tests.WishlistTest@4c51bb7] output={null}]]]>
              </value>
            </param>
          </params>
          <reporter-output>
          </reporter-output>
        </test-method> <!-- tearDown -->
        <test-method is-config="true" signature="tearDown()[pri:0, instance:tests.WishlistTest@4c51bb7]" started-at="2024-06-21T15:39:21 IST" name="tearDown" finished-at="2024-06-21T15:39:22 IST" duration-ms="299" status="PASS">
          <reporter-output>
          </reporter-output>
        </test-method> <!-- tearDown -->
        <test-method is-config="true" signature="afterMethod(org.testng.ITestResult)[pri:0, instance:tests.WishlistTest@4c51bb7]" started-at="2024-06-21T15:39:21 IST" name="afterMethod" finished-at="2024-06-21T15:39:21 IST" duration-ms="0" status="PASS">
          <params>
            <param index="0">
              <value>
                <![CDATA[[TestResult name=wishlistTest status=SUCCESS method=WishlistTest.wishlistTest(java.lang.String,java.lang.String)[pri:2, instance:tests.WishlistTest@4c51bb7] output={null}]]]>
              </value>
            </param>
          </params>
          <reporter-output>
          </reporter-output>
        </test-method> <!-- afterMethod -->
      </class> <!-- tests.WishlistTest -->
      <class name="tests.SearchTest">
        <test-method is-config="true" signature="setUp()[pri:0, instance:tests.SearchTest@65a4798f]" started-at="2024-06-21T15:38:34 IST" name="setUp" finished-at="2024-06-21T15:38:35 IST" duration-ms="1600" status="PASS">
          <reporter-output>
          </reporter-output>
        </test-method> <!-- setUp -->
        <test-method signature="searchTest(java.lang.String,java.lang.String,java.lang.String)[pri:1, instance:tests.SearchTest@65a4798f]" started-at="2024-06-21T15:38:35 IST" name="searchTest" data-provider="searchTestData" finished-at="2024-06-21T15:38:42 IST" duration-ms="6220" status="PASS">
          <params>
            <param index="0">
              <value>
                <![CDATA[https://www.flipkart.com/]]>
              </value>
            </param>
            <param index="1">
              <value>
                <![CDATA[Yes]]>
              </value>
            </param>
            <param index="2">
              <value>
                <![CDATA[Women Jeans]]>
              </value>
            </param>
          </params>
          <reporter-output>
          </reporter-output>
        </test-method> <!-- searchTest -->
        <test-method is-config="true" signature="tearDown(org.testng.ITestResult)[pri:0, instance:tests.SearchTest@65a4798f]" started-at="2024-06-21T15:38:42 IST" name="tearDown" finished-at="2024-06-21T15:38:42 IST" duration-ms="1" status="PASS">
          <params>
            <param index="0">
              <value>
                <![CDATA[[TestResult name=searchTest status=SUCCESS method=SearchTest.searchTest(java.lang.String,java.lang.String,java.lang.String)[pri:1, instance:tests.SearchTest@65a4798f] output={null}]]]>
              </value>
            </param>
          </params>
          <reporter-output>
          </reporter-output>
        </test-method> <!-- tearDown -->
        <test-method is-config="true" signature="afterMethod(org.testng.ITestResult)[pri:0, instance:tests.SearchTest@65a4798f]" started-at="2024-06-21T15:38:42 IST" name="afterMethod" finished-at="2024-06-21T15:38:42 IST" duration-ms="0" status="PASS">
          <params>
            <param index="0">
              <value>
                <![CDATA[[TestResult name=searchTest status=SUCCESS method=SearchTest.searchTest(java.lang.String,java.lang.String,java.lang.String)[pri:1, instance:tests.SearchTest@65a4798f] output={null}]]]>
              </value>
            </param>
          </params>
          <reporter-output>
          </reporter-output>
        </test-method> <!-- afterMethod -->
        <test-method is-config="true" signature="tearDown()[pri:0, instance:tests.SearchTest@65a4798f]" started-at="2024-06-21T15:38:42 IST" name="tearDown" finished-at="2024-06-21T15:38:42 IST" duration-ms="320" status="PASS">
          <reporter-output>
          </reporter-output>
        </test-method> <!-- tearDown -->
      </class> <!-- tests.SearchTest -->
      <class name="tests.NavigationTest">
        <test-method is-config="true" signature="setUp()[pri:0, instance:tests.NavigationTest@74cadd41]" started-at="2024-06-21T15:38:06 IST" name="setUp" finished-at="2024-06-21T15:38:07 IST" duration-ms="1720" status="PASS">
          <reporter-output>
          </reporter-output>
        </test-method> <!-- setUp -->
        <test-method signature="navigationTest(java.lang.String,java.lang.String)[pri:1, instance:tests.NavigationTest@74cadd41]" started-at="2024-06-21T15:38:08 IST" name="navigationTest" data-provider="navigationTestData" finished-at="2024-06-21T15:38:16 IST" duration-ms="8134" status="PASS">
          <params>
            <param index="0">
              <value>
                <![CDATA[https://www.flipkart.com]]>
              </value>
            </param>
            <param index="1">
              <value>
                <![CDATA[Yes]]>
              </value>
            </param>
          </params>
          <reporter-output>
          </reporter-output>
        </test-method> <!-- navigationTest -->
        <test-method is-config="true" signature="tearDown()[pri:0, instance:tests.NavigationTest@74cadd41]" started-at="2024-06-21T15:38:16 IST" name="tearDown" finished-at="2024-06-21T15:38:16 IST" duration-ms="299" status="PASS">
          <reporter-output>
          </reporter-output>
        </test-method> <!-- tearDown -->
        <test-method is-config="true" signature="afterMethod(org.testng.ITestResult)[pri:0, instance:tests.NavigationTest@74cadd41]" started-at="2024-06-21T15:38:16 IST" name="afterMethod" finished-at="2024-06-21T15:38:16 IST" duration-ms="0" status="PASS">
          <params>
            <param index="0">
              <value>
                <![CDATA[[TestResult name=navigationTest status=SUCCESS method=NavigationTest.navigationTest(java.lang.String,java.lang.String)[pri:1, instance:tests.NavigationTest@74cadd41] output={null}]]]>
              </value>
            </param>
          </params>
          <reporter-output>
          </reporter-output>
        </test-method> <!-- afterMethod -->
        <test-method is-config="true" signature="tearDown(org.testng.ITestResult)[pri:0, instance:tests.NavigationTest@74cadd41]" started-at="2024-06-21T15:38:16 IST" name="tearDown" finished-at="2024-06-21T15:38:16 IST" duration-ms="0" status="PASS">
          <params>
            <param index="0">
              <value>
                <![CDATA[[TestResult name=navigationTest status=SUCCESS method=NavigationTest.navigationTest(java.lang.String,java.lang.String)[pri:1, instance:tests.NavigationTest@74cadd41] output={null}]]]>
              </value>
            </param>
          </params>
          <reporter-output>
          </reporter-output>
        </test-method> <!-- tearDown -->
      </class> <!-- tests.NavigationTest -->
      <class name="tests.GroupCompanyTest">
        <test-method is-config="true" signature="setUp()[pri:0, instance:tests.GroupCompanyTest@7b64240d]" started-at="2024-06-21T15:37:48 IST" name="setUp" finished-at="2024-06-21T15:37:50 IST" duration-ms="2285" status="PASS">
          <reporter-output>
          </reporter-output>
        </test-method> <!-- setUp -->
        <test-method signature="groupCompanyTest(java.lang.String,java.lang.String)[pri:1, instance:tests.GroupCompanyTest@7b64240d]" started-at="2024-06-21T15:37:50 IST" name="groupCompanyTest" data-provider="groupCompanyTestData" finished-at="2024-06-21T15:37:58 IST" duration-ms="7270" status="PASS">
          <params>
            <param index="0">
              <value>
                <![CDATA[https://www.flipkart.com/]]>
              </value>
            </param>
            <param index="1">
              <value>
                <![CDATA[Yes]]>
              </value>
            </param>
          </params>
          <reporter-output>
          </reporter-output>
        </test-method> <!-- groupCompanyTest -->
        <test-method is-config="true" signature="afterMethod(org.testng.ITestResult)[pri:0, instance:tests.GroupCompanyTest@7b64240d]" started-at="2024-06-21T15:37:58 IST" name="afterMethod" finished-at="2024-06-21T15:37:58 IST" duration-ms="0" status="PASS">
          <params>
            <param index="0">
              <value>
                <![CDATA[[TestResult name=groupCompanyTest status=SUCCESS method=GroupCompanyTest.groupCompanyTest(java.lang.String,java.lang.String)[pri:1, instance:tests.GroupCompanyTest@7b64240d] output={null}]]]>
              </value>
            </param>
          </params>
          <reporter-output>
          </reporter-output>
        </test-method> <!-- afterMethod -->
        <test-method is-config="true" signature="tearDown(org.testng.ITestResult)[pri:0, instance:tests.GroupCompanyTest@7b64240d]" started-at="2024-06-21T15:37:58 IST" name="tearDown" finished-at="2024-06-21T15:37:58 IST" duration-ms="1" status="PASS">
          <params>
            <param index="0">
              <value>
                <![CDATA[[TestResult name=groupCompanyTest status=SUCCESS method=GroupCompanyTest.groupCompanyTest(java.lang.String,java.lang.String)[pri:1, instance:tests.GroupCompanyTest@7b64240d] output={null}]]]>
              </value>
            </param>
          </params>
          <reporter-output>
          </reporter-output>
        </test-method> <!-- tearDown -->
        <test-method is-config="true" signature="tearDown()[pri:0, instance:tests.GroupCompanyTest@7b64240d]" started-at="2024-06-21T15:37:58 IST" name="tearDown" finished-at="2024-06-21T15:37:58 IST" duration-ms="336" status="PASS">
          <reporter-output>
          </reporter-output>
        </test-method> <!-- tearDown -->
      </class> <!-- tests.GroupCompanyTest -->
      <class name="tests.CustomerCareTest">
        <test-method is-config="true" signature="setUp()[pri:0, instance:tests.CustomerCareTest@56f6d40b]" started-at="2024-06-21T15:36:38 IST" name="setUp" finished-at="2024-06-21T15:36:39 IST" duration-ms="1759" status="PASS">
          <reporter-output>
          </reporter-output>
        </test-method> <!-- setUp -->
        <test-method signature="customerCareTest(java.lang.String,java.lang.String)[pri:1, instance:tests.CustomerCareTest@56f6d40b]" started-at="2024-06-21T15:36:40 IST" name="customerCareTest" data-provider="customerTestData" finished-at="2024-06-21T15:36:46 IST" duration-ms="6773" status="PASS">
          <params>
            <param index="0">
              <value>
                <![CDATA[https://www.flipkart.com]]>
              </value>
            </param>
            <param index="1">
              <value>
                <![CDATA[Yes]]>
              </value>
            </param>
          </params>
          <reporter-output>
          </reporter-output>
        </test-method> <!-- customerCareTest -->
        <test-method is-config="true" signature="afterMethod(org.testng.ITestResult)[pri:0, instance:tests.CustomerCareTest@56f6d40b]" started-at="2024-06-21T15:36:46 IST" name="afterMethod" finished-at="2024-06-21T15:36:46 IST" duration-ms="1" status="PASS">
          <params>
            <param index="0">
              <value>
                <![CDATA[[TestResult name=customerCareTest status=SUCCESS method=CustomerCareTest.customerCareTest(java.lang.String,java.lang.String)[pri:1, instance:tests.CustomerCareTest@56f6d40b] output={null}]]]>
              </value>
            </param>
          </params>
          <reporter-output>
          </reporter-output>
        </test-method> <!-- afterMethod -->
        <test-method is-config="true" signature="tearDown()[pri:0, instance:tests.CustomerCareTest@56f6d40b]" started-at="2024-06-21T15:36:46 IST" name="tearDown" finished-at="2024-06-21T15:36:47 IST" duration-ms="478" status="PASS">
          <reporter-output>
          </reporter-output>
        </test-method> <!-- tearDown -->
        <test-method is-config="true" signature="tearDown(org.testng.ITestResult)[pri:0, instance:tests.CustomerCareTest@56f6d40b]" started-at="2024-06-21T15:36:46 IST" name="tearDown" finished-at="2024-06-21T15:36:46 IST" duration-ms="0" status="PASS">
          <params>
            <param index="0">
              <value>
                <![CDATA[[TestResult name=customerCareTest status=SUCCESS method=CustomerCareTest.customerCareTest(java.lang.String,java.lang.String)[pri:1, instance:tests.CustomerCareTest@56f6d40b] output={null}]]]>
              </value>
            </param>
          </params>
          <reporter-output>
          </reporter-output>
        </test-method> <!-- tearDown -->
      </class> <!-- tests.CustomerCareTest -->
      <class name="tests.ShareTest">
        <test-method is-config="true" signature="setUp()[pri:0, instance:tests.ShareTest@878452d]" started-at="2024-06-21T15:38:53 IST" name="setUp" finished-at="2024-06-21T15:38:55 IST" duration-ms="1988" status="PASS">
          <reporter-output>
          </reporter-output>
        </test-method> <!-- setUp -->
        <test-method signature="shareTest(java.lang.String,java.lang.String)[pri:1, instance:tests.ShareTest@878452d]" started-at="2024-06-21T15:38:55 IST" name="shareTest" data-provider="shareTestData" finished-at="2024-06-21T15:38:59 IST" duration-ms="4138" status="PASS">
          <params>
            <param index="0">
              <value>
                <![CDATA[https://www.flipkart.com/apple-iphone-15-pro-max-black-titanium-256-gb/p/itmd170cfc1dec9e?pid=MOBGTAGQGJWQFEFX&lid=LSTMOBGTAGQGJWQFEFXBVNGR1&marketplace=FLIPKART&q=iphone+15+pro+max&store=tyy%2F4io&srno=s_1_1&otracker=AS_QueryStore_OrganicAutoSuggest_2_7_na_na_na&otracker1=AS_QueryStore_OrganicAutoSuggest_2_7_na_na_na&fm=Search&iid=31845d65-bfa6-4f1d-a2f4-d981236eaa5b.MOBGTAGQGJWQFEFX.SEARCH&ppt=sp&ppn=sp&ssid=g9c4bn4tww0000001717872638708&qH=4bc0516d32b4b645]]>
              </value>
            </param>
            <param index="1">
              <value>
                <![CDATA[Yes]]>
              </value>
            </param>
          </params>
          <reporter-output>
          </reporter-output>
        </test-method> <!-- shareTest -->
        <test-method is-config="true" signature="afterMethod(org.testng.ITestResult)[pri:0, instance:tests.ShareTest@878452d]" started-at="2024-06-21T15:38:59 IST" name="afterMethod" finished-at="2024-06-21T15:38:59 IST" duration-ms="0" status="PASS">
          <params>
            <param index="0">
              <value>
                <![CDATA[[TestResult name=shareTest status=SUCCESS method=ShareTest.shareTest(java.lang.String,java.lang.String)[pri:1, instance:tests.ShareTest@878452d] output={null}]]]>
              </value>
            </param>
          </params>
          <reporter-output>
          </reporter-output>
        </test-method> <!-- afterMethod -->
        <test-method is-config="true" signature="tearDown(org.testng.ITestResult)[pri:0, instance:tests.ShareTest@878452d]" started-at="2024-06-21T15:38:59 IST" name="tearDown" finished-at="2024-06-21T15:38:59 IST" duration-ms="0" status="PASS">
          <params>
            <param index="0">
              <value>
                <![CDATA[[TestResult name=shareTest status=SUCCESS method=ShareTest.shareTest(java.lang.String,java.lang.String)[pri:1, instance:tests.ShareTest@878452d] output={null}]]]>
              </value>
            </param>
          </params>
          <reporter-output>
          </reporter-output>
        </test-method> <!-- tearDown -->
        <test-method is-config="true" signature="tearDown()[pri:0, instance:tests.ShareTest@878452d]" started-at="2024-06-21T15:38:59 IST" name="tearDown" finished-at="2024-06-21T15:39:00 IST" duration-ms="437" status="PASS">
          <reporter-output>
          </reporter-output>
        </test-method> <!-- tearDown -->
      </class> <!-- tests.ShareTest -->
      <class name="tests.SellerTest">
        <test-method is-config="true" signature="setUp()[pri:0, instance:tests.SellerTest@773f7880]" started-at="2024-06-21T15:38:42 IST" name="setUp" finished-at="2024-06-21T15:38:44 IST" duration-ms="1750" status="PASS">
          <reporter-output>
          </reporter-output>
        </test-method> <!-- setUp -->
        <test-method signature="sellerTest(java.lang.String,java.lang.String)[pri:1, instance:tests.SellerTest@773f7880]" started-at="2024-06-21T15:38:44 IST" name="sellerTest" data-provider="sellerTestData" finished-at="2024-06-21T15:38:52 IST" duration-ms="8360" status="PASS">
          <params>
            <param index="0">
              <value>
                <![CDATA[https://www.flipkart.com]]>
              </value>
            </param>
            <param index="1">
              <value>
                <![CDATA[Yes]]>
              </value>
            </param>
          </params>
          <reporter-output>
          </reporter-output>
        </test-method> <!-- sellerTest -->
        <test-method is-config="true" signature="afterMethod(org.testng.ITestResult)[pri:0, instance:tests.SellerTest@773f7880]" started-at="2024-06-21T15:38:52 IST" name="afterMethod" finished-at="2024-06-21T15:38:52 IST" duration-ms="0" status="PASS">
          <params>
            <param index="0">
              <value>
                <![CDATA[[TestResult name=sellerTest status=SUCCESS method=SellerTest.sellerTest(java.lang.String,java.lang.String)[pri:1, instance:tests.SellerTest@773f7880] output={null}]]]>
              </value>
            </param>
          </params>
          <reporter-output>
          </reporter-output>
        </test-method> <!-- afterMethod -->
        <test-method is-config="true" signature="tearDown()[pri:0, instance:tests.SellerTest@773f7880]" started-at="2024-06-21T15:38:52 IST" name="tearDown" finished-at="2024-06-21T15:38:53 IST" duration-ms="927" status="PASS">
          <reporter-output>
          </reporter-output>
        </test-method> <!-- tearDown -->
        <test-method is-config="true" signature="tearDown(org.testng.ITestResult)[pri:0, instance:tests.SellerTest@773f7880]" started-at="2024-06-21T15:38:52 IST" name="tearDown" finished-at="2024-06-21T15:38:52 IST" duration-ms="0" status="PASS">
          <params>
            <param index="0">
              <value>
                <![CDATA[[TestResult name=sellerTest status=SUCCESS method=SellerTest.sellerTest(java.lang.String,java.lang.String)[pri:1, instance:tests.SellerTest@773f7880] output={null}]]]>
              </value>
            </param>
          </params>
          <reporter-output>
          </reporter-output>
        </test-method> <!-- tearDown -->
      </class> <!-- tests.SellerTest -->
      <class name="tests.PincodeTest">
        <test-method is-config="true" signature="setUp()[pri:0, instance:tests.PincodeTest@2e54db99]" started-at="2024-06-21T15:38:16 IST" name="setUp" finished-at="2024-06-21T15:38:18 IST" duration-ms="1905" status="PASS">
          <reporter-output>
          </reporter-output>
        </test-method> <!-- setUp -->
        <test-method signature="pincodeTest(java.lang.String,java.lang.String,java.lang.String)[pri:1, instance:tests.PincodeTest@2e54db99]" started-at="2024-06-21T15:38:18 IST" name="pincodeTest" data-provider="pincodeTestData" finished-at="2024-06-21T15:38:23 IST" duration-ms="4836" status="PASS">
          <params>
            <param index="0">
              <value>
                <![CDATA[https://www.flipkart.com/poco-m6-pro-5g-forest-green-128-gb/p/itm151f47ed48eee?pid=MOBGRNZ3FZBVRYHQ&lid=LSTMOBGRNZ3FZBVRYHQLWWUJH&marketplace=FLIPKART&store=tyy%2F4io&spotlightTagId=BestsellerId_tyy%2F4io&srno=b_1_1&otracker=browse&fm=organic&iid=cc972770-991c-415d-841e-231c0f770900.MOBGRNZ3FZBVRYHQ.SEARCH&ppt=browse&ppn=browse&ssid=tl5e3ijzbk0000001715680469385]]>
              </value>
            </param>
            <param index="1">
              <value>
                <![CDATA[Yes]]>
              </value>
            </param>
            <param index="2">
              <value>
                <![CDATA[110001]]>
              </value>
            </param>
          </params>
          <reporter-output>
          </reporter-output>
        </test-method> <!-- pincodeTest -->
        <test-method is-config="true" signature="afterMethod(org.testng.ITestResult)[pri:0, instance:tests.PincodeTest@2e54db99]" started-at="2024-06-21T15:38:23 IST" name="afterMethod" finished-at="2024-06-21T15:38:23 IST" duration-ms="1" status="PASS">
          <params>
            <param index="0">
              <value>
                <![CDATA[[TestResult name=pincodeTest status=SUCCESS method=PincodeTest.pincodeTest(java.lang.String,java.lang.String,java.lang.String)[pri:1, instance:tests.PincodeTest@2e54db99] output={null}]]]>
              </value>
            </param>
          </params>
          <reporter-output>
          </reporter-output>
        </test-method> <!-- afterMethod -->
        <test-method is-config="true" signature="tearDown(org.testng.ITestResult)[pri:0, instance:tests.PincodeTest@2e54db99]" started-at="2024-06-21T15:38:23 IST" name="tearDown" finished-at="2024-06-21T15:38:23 IST" duration-ms="0" status="PASS">
          <params>
            <param index="0">
              <value>
                <![CDATA[[TestResult name=pincodeTest status=SUCCESS method=PincodeTest.pincodeTest(java.lang.String,java.lang.String,java.lang.String)[pri:1, instance:tests.PincodeTest@2e54db99] output={null}]]]>
              </value>
            </param>
          </params>
          <reporter-output>
          </reporter-output>
        </test-method> <!-- tearDown -->
        <test-method is-config="true" signature="tearDown()[pri:0, instance:tests.PincodeTest@2e54db99]" started-at="2024-06-21T15:38:23 IST" name="tearDown" finished-at="2024-06-21T15:38:23 IST" duration-ms="335" status="PASS">
          <reporter-output>
          </reporter-output>
        </test-method> <!-- tearDown -->
      </class> <!-- tests.PincodeTest -->
      <class name="tests.FilterTest">
        <test-method is-config="true" signature="setUp()[pri:0, instance:tests.FilterTest@7e3060d8]" started-at="2024-06-21T15:37:17 IST" name="setUp" finished-at="2024-06-21T15:37:19 IST" duration-ms="2091" status="PASS">
          <reporter-output>
          </reporter-output>
        </test-method> <!-- setUp -->
        <test-method signature="bannerTest(java.lang.String,java.lang.String)[pri:1, instance:tests.FilterTest@7e3060d8]" started-at="2024-06-21T15:37:19 IST" name="bannerTest" data-provider="bannerTestData" finished-at="2024-06-21T15:37:26 IST" duration-ms="7490" status="PASS">
          <params>
            <param index="0">
              <value>
                <![CDATA[https://www.flipkart.com]]>
              </value>
            </param>
            <param index="1">
              <value>
                <![CDATA[Yes]]>
              </value>
            </param>
          </params>
          <reporter-output>
          </reporter-output>
        </test-method> <!-- bannerTest -->
        <test-method is-config="true" signature="afterMethod(org.testng.ITestResult)[pri:0, instance:tests.FilterTest@7e3060d8]" started-at="2024-06-21T15:37:26 IST" name="afterMethod" finished-at="2024-06-21T15:37:26 IST" duration-ms="1" status="PASS">
          <params>
            <param index="0">
              <value>
                <![CDATA[[TestResult name=bannerTest status=SUCCESS method=FilterTest.bannerTest(java.lang.String,java.lang.String)[pri:1, instance:tests.FilterTest@7e3060d8] output={null}]]]>
              </value>
            </param>
          </params>
          <reporter-output>
          </reporter-output>
        </test-method> <!-- afterMethod -->
        <test-method is-config="true" signature="tearDown(org.testng.ITestResult)[pri:0, instance:tests.FilterTest@7e3060d8]" started-at="2024-06-21T15:37:26 IST" name="tearDown" finished-at="2024-06-21T15:37:26 IST" duration-ms="0" status="PASS">
          <params>
            <param index="0">
              <value>
                <![CDATA[[TestResult name=bannerTest status=SUCCESS method=FilterTest.bannerTest(java.lang.String,java.lang.String)[pri:1, instance:tests.FilterTest@7e3060d8] output={null}]]]>
              </value>
            </param>
          </params>
          <reporter-output>
          </reporter-output>
        </test-method> <!-- tearDown -->
        <test-method signature="filterTest(java.lang.String,java.lang.String)[pri:2, instance:tests.FilterTest@7e3060d8]" started-at="2024-06-21T15:37:26 IST" name="filterTest" data-provider="filterTestData" finished-at="2024-06-21T15:37:31 IST" depends-on-methods="tests.FilterTest.bannerTest" duration-ms="4986" status="PASS">
          <params>
            <param index="0">
              <value>
                <![CDATA[https://www.flipkart.com]]>
              </value>
            </param>
            <param index="1">
              <value>
                <![CDATA[Yes]]>
              </value>
            </param>
          </params>
          <reporter-output>
          </reporter-output>
        </test-method> <!-- filterTest -->
        <test-method is-config="true" signature="tearDown()[pri:0, instance:tests.FilterTest@7e3060d8]" started-at="2024-06-21T15:37:31 IST" name="tearDown" finished-at="2024-06-21T15:37:32 IST" duration-ms="322" status="PASS">
          <reporter-output>
          </reporter-output>
        </test-method> <!-- tearDown -->
        <test-method is-config="true" signature="tearDown(org.testng.ITestResult)[pri:0, instance:tests.FilterTest@7e3060d8]" started-at="2024-06-21T15:37:31 IST" name="tearDown" finished-at="2024-06-21T15:37:31 IST" duration-ms="0" status="PASS">
          <params>
            <param index="0">
              <value>
                <![CDATA[[TestResult name=filterTest status=SUCCESS method=FilterTest.filterTest(java.lang.String,java.lang.String)[pri:2, instance:tests.FilterTest@7e3060d8] output={null}]]]>
              </value>
            </param>
          </params>
          <reporter-output>
          </reporter-output>
        </test-method> <!-- tearDown -->
        <test-method is-config="true" signature="afterMethod(org.testng.ITestResult)[pri:0, instance:tests.FilterTest@7e3060d8]" started-at="2024-06-21T15:37:31 IST" name="afterMethod" finished-at="2024-06-21T15:37:31 IST" duration-ms="0" status="PASS">
          <params>
            <param index="0">
              <value>
                <![CDATA[[TestResult name=filterTest status=SUCCESS method=FilterTest.filterTest(java.lang.String,java.lang.String)[pri:2, instance:tests.FilterTest@7e3060d8] output={null}]]]>
              </value>
            </param>
          </params>
          <reporter-output>
          </reporter-output>
        </test-method> <!-- afterMethod -->
      </class> <!-- tests.FilterTest -->
      <class name="tests.CompareTest">
        <test-method is-config="true" signature="setUp()[pri:0, instance:tests.CompareTest@51e8e6e6]" started-at="2024-06-21T15:36:26 IST" name="setUp" finished-at="2024-06-21T15:36:27 IST" duration-ms="1850" status="PASS">
          <reporter-output>
          </reporter-output>
        </test-method> <!-- setUp -->
        <test-method signature="compareTest(java.lang.String,java.lang.String,java.lang.String)[pri:1, instance:tests.CompareTest@51e8e6e6]" started-at="2024-06-21T15:36:28 IST" name="compareTest" data-provider="compareTestData" finished-at="2024-06-21T15:36:37 IST" duration-ms="9715" status="PASS">
          <params>
            <param index="0">
              <value>
                <![CDATA[https://www.flipkart.com/poco-m6-pro-5g-forest-green-128-gb/p/itm151f47ed48eee?pid=MOBGRNZ3FZBVRYHQ&lid=LSTMOBGRNZ3FZBVRYHQLWWUJH&marketplace=FLIPKART&store=tyy%2F4io&spotlightTagId=BestsellerId_tyy%2F4io&srno=b_1_1&otracker=browse&fm=organic&iid=93d2403b-5c0b-48c2-912a-ab78f1ffc658.MOBGRNZ3FZBVRYHQ.SEARCH&ppt=browse&ppn=browse&ssid=qasi52v2800000001715754782625]]>
              </value>
            </param>
            <param index="1">
              <value>
                <![CDATA[https://www.flipkart.com/redmi-12-pastel-blue-128-gb/p/itm9b1a6640faccd?pid=MOBGRMFKAHNTZPWE&lid=LSTMOBGRMFKAHNTZPWE1H5IWS&marketplace=FLIPKART&fm=productRecommendation%2Fsimilar&iid=R%3As%3Bp%3AMOBGRNZ3FZBVRYHQ%3Bl%3ALSTMOBGRNZ3FZBVRYHQLWWUJH%3Bpt%3App%3Buid%3A413ce5c5-129d-11ef-9805-dfeb5cf62949%3B.MOBGRMFKAHNTZPWE&ppt=pp&ppn=pp&ssid=rpba0o2wls0000001715758110411&otracker=pp_reco_Similar%2BProducts_6_35.productCard.PMU_HORIZONTAL_REDMI%2B12%2B%2528Pastel%2BBlue%252C%2B128%2BGB%2529_MOBGRMFKAHNTZPWE_productRecommendation%2Fsimilar_5&otracker1=pp_reco_PINNED_productRecommendation%2Fsimilar_Similar%2BProducts_GRID_productCard_cc_6_NA_view-all&cid=MOBGRMFKAHNTZPWE]]>
              </value>
            </param>
            <param index="2">
              <value>
                <![CDATA[Yes]]>
              </value>
            </param>
          </params>
          <reporter-output>
          </reporter-output>
        </test-method> <!-- compareTest -->
        <test-method is-config="true" signature="afterMethod(org.testng.ITestResult)[pri:0, instance:tests.CompareTest@51e8e6e6]" started-at="2024-06-21T15:36:37 IST" name="afterMethod" finished-at="2024-06-21T15:36:37 IST" duration-ms="0" status="PASS">
          <params>
            <param index="0">
              <value>
                <![CDATA[[TestResult name=compareTest status=SUCCESS method=CompareTest.compareTest(java.lang.String,java.lang.String,java.lang.String)[pri:1, instance:tests.CompareTest@51e8e6e6] output={null}]]]>
              </value>
            </param>
          </params>
          <reporter-output>
          </reporter-output>
        </test-method> <!-- afterMethod -->
        <test-method is-config="true" signature="tearDown(org.testng.ITestResult)[pri:0, instance:tests.CompareTest@51e8e6e6]" started-at="2024-06-21T15:36:37 IST" name="tearDown" finished-at="2024-06-21T15:36:37 IST" duration-ms="0" status="PASS">
          <params>
            <param index="0">
              <value>
                <![CDATA[[TestResult name=compareTest status=SUCCESS method=CompareTest.compareTest(java.lang.String,java.lang.String,java.lang.String)[pri:1, instance:tests.CompareTest@51e8e6e6] output={null}]]]>
              </value>
            </param>
          </params>
          <reporter-output>
          </reporter-output>
        </test-method> <!-- tearDown -->
        <test-method is-config="true" signature="tearDown()[pri:0, instance:tests.CompareTest@51e8e6e6]" started-at="2024-06-21T15:36:37 IST" name="tearDown" finished-at="2024-06-21T15:36:38 IST" duration-ms="280" status="PASS">
          <reporter-output>
          </reporter-output>
        </test-method> <!-- tearDown -->
      </class> <!-- tests.CompareTest -->
      <class name="tests.CartTest">
        <test-method is-config="true" signature="setUp()[pri:0, instance:tests.CartTest@56276db8]" started-at="2024-06-21T15:36:15 IST" name="setUp" finished-at="2024-06-21T15:36:17 IST" duration-ms="1999" status="PASS">
          <reporter-output>
          </reporter-output>
        </test-method> <!-- setUp -->
        <test-method signature="cartTest(java.lang.String,java.lang.String,java.lang.String)[pri:1, instance:tests.CartTest@56276db8]" started-at="2024-06-21T15:36:17 IST" name="cartTest" data-provider="cartTestData" finished-at="2024-06-21T15:36:25 IST" duration-ms="7767" status="PASS">
          <params>
            <param index="0">
              <value>
                <![CDATA[https://www.flipkart.com/apple-iphone-15-blue-128-gb/p/itmbf14ef54f645d?pid=MOBGTAGPAQNVFZZY&lid=LSTMOBGTAGPAQNVFZZY7RHDU7&marketplace=FLIPKART&q=iphone+15&store=tyy%2F4io&spotlightTagId=BestsellerId_tyy%2F4io&srno=s_1_1&otracker=AS_QueryStore_OrganicAutoSuggest_1_3_na_na_ps&otracker1=AS_QueryStore_OrganicAutoSuggest_1_3_na_na_ps&fm=search-autosuggest&iid=9c9c407f-2fee-4625-9632-b148f2aad91d.MOBGTAGPAQNVFZZY.SEARCH&ppt=sp&ppn=sp&ssid=0o71vlv6cw0000001717782144993&qH=2f54b45b321e3ae5]]>
              </value>
            </param>
            <param index="1">
              <value>
                <![CDATA[Yes]]>
              </value>
            </param>
            <param index="2">
              <value>
                <![CDATA[mansigupta9876@gmail.com]]>
              </value>
            </param>
          </params>
          <reporter-output>
          </reporter-output>
        </test-method> <!-- cartTest -->
        <test-method is-config="true" signature="afterMethod(org.testng.ITestResult)[pri:0, instance:tests.CartTest@56276db8]" started-at="2024-06-21T15:36:25 IST" name="afterMethod" finished-at="2024-06-21T15:36:25 IST" duration-ms="1" status="PASS">
          <params>
            <param index="0">
              <value>
                <![CDATA[[TestResult name=cartTest status=SUCCESS method=CartTest.cartTest(java.lang.String,java.lang.String,java.lang.String)[pri:1, instance:tests.CartTest@56276db8] output={null}]]]>
              </value>
            </param>
          </params>
          <reporter-output>
          </reporter-output>
        </test-method> <!-- afterMethod -->
        <test-method is-config="true" signature="tearDown(org.testng.ITestResult)[pri:0, instance:tests.CartTest@56276db8]" started-at="2024-06-21T15:36:25 IST" name="tearDown" finished-at="2024-06-21T15:36:25 IST" duration-ms="1" status="PASS">
          <params>
            <param index="0">
              <value>
                <![CDATA[[TestResult name=cartTest status=SUCCESS method=CartTest.cartTest(java.lang.String,java.lang.String,java.lang.String)[pri:1, instance:tests.CartTest@56276db8] output={null}]]]>
              </value>
            </param>
          </params>
          <reporter-output>
          </reporter-output>
        </test-method> <!-- tearDown -->
        <test-method is-config="true" signature="tearDown()[pri:0, instance:tests.CartTest@56276db8]" started-at="2024-06-21T15:36:25 IST" name="tearDown" finished-at="2024-06-21T15:36:26 IST" duration-ms="539" status="PASS">
          <reporter-output>
          </reporter-output>
        </test-method> <!-- tearDown -->
      </class> <!-- tests.CartTest -->
      <class name="tests.RatingTest">
        <test-method is-config="true" signature="setUp()[pri:0, instance:tests.RatingTest@6d24ffa1]" started-at="2024-06-21T15:38:23 IST" name="setUp" finished-at="2024-06-21T15:38:25 IST" duration-ms="1566" status="PASS">
          <reporter-output>
          </reporter-output>
        </test-method> <!-- setUp -->
        <test-method signature="ratingTest(java.lang.String,java.lang.String)[pri:1, instance:tests.RatingTest@6d24ffa1]" started-at="2024-06-21T15:38:25 IST" name="ratingTest" data-provider="ratingTestData" finished-at="2024-06-21T15:38:33 IST" duration-ms="8676" status="PASS">
          <params>
            <param index="0">
              <value>
                <![CDATA[https://www.flipkart.com/poco-m6-pro-5g-power-black-128-gb/p/itmef8fa46f89738?pid=MOBGRNZ3ER4N3K4F&lid=LSTMOBGRNZ3ER4N3K4FIYYGCU&marketplace=FLIPKART&store=tyy%2F4io&spotlightTagId=BestsellerId_tyy%2F4io&srno=b_1_1&otracker=browse&fm=organic&iid=e4251021-69ce-4af4-8e14-c0d82321e3d8.MOBGRNZ3ER4N3K4F.SEARCH&ppt=browse&ppn=browse&ssid=tsnuolqqkg0000001715851610427]]>
              </value>
            </param>
            <param index="1">
              <value>
                <![CDATA[Yes]]>
              </value>
            </param>
          </params>
          <reporter-output>
          </reporter-output>
        </test-method> <!-- ratingTest -->
        <test-method is-config="true" signature="afterMethod(org.testng.ITestResult)[pri:0, instance:tests.RatingTest@6d24ffa1]" started-at="2024-06-21T15:38:33 IST" name="afterMethod" finished-at="2024-06-21T15:38:33 IST" duration-ms="0" status="PASS">
          <params>
            <param index="0">
              <value>
                <![CDATA[[TestResult name=ratingTest status=SUCCESS method=RatingTest.ratingTest(java.lang.String,java.lang.String)[pri:1, instance:tests.RatingTest@6d24ffa1] output={null}]]]>
              </value>
            </param>
          </params>
          <reporter-output>
          </reporter-output>
        </test-method> <!-- afterMethod -->
        <test-method is-config="true" signature="tearDown(org.testng.ITestResult)[pri:0, instance:tests.RatingTest@6d24ffa1]" started-at="2024-06-21T15:38:33 IST" name="tearDown" finished-at="2024-06-21T15:38:33 IST" duration-ms="2" status="PASS">
          <params>
            <param index="0">
              <value>
                <![CDATA[[TestResult name=ratingTest status=SUCCESS method=RatingTest.ratingTest(java.lang.String,java.lang.String)[pri:1, instance:tests.RatingTest@6d24ffa1] output={null}]]]>
              </value>
            </param>
          </params>
          <reporter-output>
          </reporter-output>
        </test-method> <!-- tearDown -->
        <test-method is-config="true" signature="tearDown()[pri:0, instance:tests.RatingTest@6d24ffa1]" started-at="2024-06-21T15:38:33 IST" name="tearDown" finished-at="2024-06-21T15:38:34 IST" duration-ms="310" status="PASS">
          <reporter-output>
          </reporter-output>
        </test-method> <!-- tearDown -->
      </class> <!-- tests.RatingTest -->
      <class name="tests.GroceryTest">
        <test-method is-config="true" signature="setUp()[pri:0, instance:tests.GroceryTest@2692b61e]" started-at="2024-06-21T15:37:40 IST" name="setUp" finished-at="2024-06-21T15:37:42 IST" duration-ms="1812" status="PASS">
          <reporter-output>
          </reporter-output>
        </test-method> <!-- setUp -->
        <test-method signature="groceryTest(java.lang.String,java.lang.String,java.lang.String)[pri:1, instance:tests.GroceryTest@2692b61e]" started-at="2024-06-21T15:37:42 IST" name="groceryTest" data-provider="groceryTestData" finished-at="2024-06-21T15:37:47 IST" duration-ms="4990" status="PASS">
          <params>
            <param index="0">
              <value>
                <![CDATA[https://www.flipkart.com]]>
              </value>
            </param>
            <param index="1">
              <value>
                <![CDATA[Yes]]>
              </value>
            </param>
            <param index="2">
              <value>
                <![CDATA[110001]]>
              </value>
            </param>
          </params>
          <reporter-output>
          </reporter-output>
        </test-method> <!-- groceryTest -->
        <test-method is-config="true" signature="afterMethod(org.testng.ITestResult)[pri:0, instance:tests.GroceryTest@2692b61e]" started-at="2024-06-21T15:37:47 IST" name="afterMethod" finished-at="2024-06-21T15:37:47 IST" duration-ms="0" status="PASS">
          <params>
            <param index="0">
              <value>
                <![CDATA[[TestResult name=groceryTest status=SUCCESS method=GroceryTest.groceryTest(java.lang.String,java.lang.String,java.lang.String)[pri:1, instance:tests.GroceryTest@2692b61e] output={null}]]]>
              </value>
            </param>
          </params>
          <reporter-output>
          </reporter-output>
        </test-method> <!-- afterMethod -->
        <test-method is-config="true" signature="tearDown(org.testng.ITestResult)[pri:0, instance:tests.GroceryTest@2692b61e]" started-at="2024-06-21T15:37:47 IST" name="tearDown" finished-at="2024-06-21T15:37:47 IST" duration-ms="1" status="PASS">
          <params>
            <param index="0">
              <value>
                <![CDATA[[TestResult name=groceryTest status=SUCCESS method=GroceryTest.groceryTest(java.lang.String,java.lang.String,java.lang.String)[pri:1, instance:tests.GroceryTest@2692b61e] output={null}]]]>
              </value>
            </param>
          </params>
          <reporter-output>
          </reporter-output>
        </test-method> <!-- tearDown -->
        <test-method is-config="true" signature="tearDown()[pri:0, instance:tests.GroceryTest@2692b61e]" started-at="2024-06-21T15:37:47 IST" name="tearDown" finished-at="2024-06-21T15:37:48 IST" duration-ms="751" status="PASS">
          <reporter-output>
          </reporter-output>
        </test-method> <!-- tearDown -->
      </class> <!-- tests.GroceryTest -->
    </test> <!-- Surefire test -->
  </suite> <!-- Surefire suite -->
</testng-results>
