<?xml version="1.0" encoding="UTF-8"?>
<testng-results ignored="0" total="2" passed="2" failed="0" skipped="0">
  <reporter-output>
  </reporter-output>
  <suite started-at="2024-06-21T14:51:46 IST" name="Default suite" finished-at="2024-06-21T14:52:08 IST" duration-ms="21767">
    <groups>
      <group name="filter">
        <method signature="FilterTest.filterTest(java.lang.String,java.lang.String)[pri:2, instance:tests.FilterTest@6bab2585]" name="filterTest" class="tests.FilterTest"/>
      </group> <!-- filter -->
      <group name="banner">
        <method signature="FilterTest.bannerTest(java.lang.String,java.lang.String)[pri:1, instance:tests.FilterTest@6bab2585]" name="bannerTest" class="tests.FilterTest"/>
      </group> <!-- banner -->
    </groups>
    <test started-at="2024-06-21T14:51:46 IST" name="Default test" finished-at="2024-06-21T14:52:08 IST" duration-ms="21767">
      <class name="tests.FilterTest">
        <test-method is-config="true" signature="setUp()[pri:0, instance:tests.FilterTest@6bab2585]" started-at="2024-06-21T14:51:47 IST" name="setUp" finished-at="2024-06-21T14:51:51 IST" duration-ms="4634" status="PASS">
          <reporter-output>
          </reporter-output>
        </test-method> <!-- setUp -->
        <test-method signature="bannerTest(java.lang.String,java.lang.String)[pri:1, instance:tests.FilterTest@6bab2585]" started-at="2024-06-21T14:51:53 IST" name="bannerTest" data-provider="bannerTestData" finished-at="2024-06-21T14:52:01 IST" duration-ms="8317" status="PASS">
          <params>
            <param index="0">
              <value>
                <![CDATA[https://www.flipkart.com]]>
              </value>
            </param>
            <param index="1">
              <value>
                <![CDATA[Yes]]>
              </value>
            </param>
          </params>
          <reporter-output>
          </reporter-output>
        </test-method> <!-- bannerTest -->
        <test-method is-config="true" signature="afterMethod(org.testng.ITestResult)[pri:0, instance:tests.FilterTest@6bab2585]" started-at="2024-06-21T14:52:01 IST" name="afterMethod" finished-at="2024-06-21T14:52:01 IST" duration-ms="9" status="PASS">
          <params>
            <param index="0">
              <value>
                <![CDATA[[TestResult name=bannerTest status=SUCCESS method=FilterTest.bannerTest(java.lang.String,java.lang.String)[pri:1, instance:tests.FilterTest@6bab2585] output={null}]]]>
              </value>
            </param>
          </params>
          <reporter-output>
          </reporter-output>
        </test-method> <!-- afterMethod -->
        <test-method is-config="true" signature="tearDown(org.testng.ITestResult)[pri:0, instance:tests.FilterTest@6bab2585]" started-at="2024-06-21T14:52:01 IST" name="tearDown" finished-at="2024-06-21T14:52:01 IST" duration-ms="2" status="PASS">
          <params>
            <param index="0">
              <value>
                <![CDATA[[TestResult name=bannerTest status=SUCCESS method=FilterTest.bannerTest(java.lang.String,java.lang.String)[pri:1, instance:tests.FilterTest@6bab2585] output={null}]]]>
              </value>
            </param>
          </params>
          <reporter-output>
          </reporter-output>
        </test-method> <!-- tearDown -->
        <test-method signature="filterTest(java.lang.String,java.lang.String)[pri:2, instance:tests.FilterTest@6bab2585]" started-at="2024-06-21T14:52:01 IST" name="filterTest" data-provider="filterTestData" finished-at="2024-06-21T14:52:07 IST" depends-on-methods="tests.FilterTest.bannerTest" duration-ms="5904" status="PASS">
          <params>
            <param index="0">
              <value>
                <![CDATA[https://www.flipkart.com]]>
              </value>
            </param>
            <param index="1">
              <value>
                <![CDATA[Yes]]>
              </value>
            </param>
          </params>
          <reporter-output>
          </reporter-output>
        </test-method> <!-- filterTest -->
        <test-method is-config="true" signature="afterMethod(org.testng.ITestResult)[pri:0, instance:tests.FilterTest@6bab2585]" started-at="2024-06-21T14:52:07 IST" name="afterMethod" finished-at="2024-06-21T14:52:07 IST" duration-ms="1" status="PASS">
          <params>
            <param index="0">
              <value>
                <![CDATA[[TestResult name=filterTest status=SUCCESS method=FilterTest.filterTest(java.lang.String,java.lang.String)[pri:2, instance:tests.FilterTest@6bab2585] output={null}]]]>
              </value>
            </param>
          </params>
          <reporter-output>
          </reporter-output>
        </test-method> <!-- afterMethod -->
        <test-method is-config="true" signature="tearDown(org.testng.ITestResult)[pri:0, instance:tests.FilterTest@6bab2585]" started-at="2024-06-21T14:52:07 IST" name="tearDown" finished-at="2024-06-21T14:52:07 IST" duration-ms="1" status="PASS">
          <params>
            <param index="0">
              <value>
                <![CDATA[[TestResult name=filterTest status=SUCCESS method=FilterTest.filterTest(java.lang.String,java.lang.String)[pri:2, instance:tests.FilterTest@6bab2585] output={null}]]]>
              </value>
            </param>
          </params>
          <reporter-output>
          </reporter-output>
        </test-method> <!-- tearDown -->
        <test-method is-config="true" signature="tearDown()[pri:0, instance:tests.FilterTest@6bab2585]" started-at="2024-06-21T14:52:07 IST" name="tearDown" finished-at="2024-06-21T14:52:08 IST" duration-ms="971" status="PASS">
          <reporter-output>
          </reporter-output>
        </test-method> <!-- tearDown -->
      </class> <!-- tests.FilterTest -->
    </test> <!-- Default test -->
  </suite> <!-- Default suite -->
</testng-results>
